0 info it worked if it ends with ok
1 verbose cli [ '/usr/local/bin/node', '/usr/local/bin/npm', 'run', 'gulp' ]
2 info using npm@3.8.6
3 info using node@v6.1.0
4 verbose run-script [ 'pregulp', 'gulp', 'postgulp' ]
5 info lifecycle diary@1.0.0~pregulp: diary@1.0.0
6 silly lifecycle diary@1.0.0~pregulp: no script for pregulp, continuing
7 info lifecycle diary@1.0.0~gulp: diary@1.0.0
8 verbose lifecycle diary@1.0.0~gulp: unsafe-perm in lifecycle true
9 verbose lifecycle diary@1.0.0~gulp: PATH: /usr/local/lib/node_modules/npm/bin/node-gyp-bin:/Users/IgorBabko/Desktop/diary/node_modules/.bin:/usr/local/bin:/usr/local/lib/node_modules/npm/bin/node-gyp-bin:/Users/IgorBabko/Desktop/diary/node_modules/.bin:/usr/local/bin:/usr/bin:/bin:/usr/sbin:/sbin:/usr/local/bin:/usr/local/php5/bin:/usr/local/Cellar/mysql/5.7.9/bin:/Users/IgorBabko/.composer/vendor/bin:/usr/local/mongodb/bin:/Users/IgorBabko/Homestead
10 verbose lifecycle diary@1.0.0~gulp: CWD: /Users/IgorBabko/Desktop/diary
11 silly lifecycle diary@1.0.0~gulp: Args: [ '-c', 'gulp' ]
12 silly lifecycle diary@1.0.0~gulp: Returned: code: 1  signal: null
13 info lifecycle diary@1.0.0~gulp: Failed to exec gulp script
14 verbose stack Error: diary@1.0.0 gulp: `gulp`
14 verbose stack Exit status 1
14 verbose stack     at EventEmitter.<anonymous> (/usr/local/lib/node_modules/npm/lib/utils/lifecycle.js:239:16)
14 verbose stack     at emitTwo (events.js:106:13)
14 verbose stack     at EventEmitter.emit (events.js:191:7)
14 verbose stack     at ChildProcess.<anonymous> (/usr/local/lib/node_modules/npm/lib/utils/spawn.js:24:14)
14 verbose stack     at emitTwo (events.js:106:13)
14 verbose stack     at ChildProcess.emit (events.js:191:7)
14 verbose stack     at maybeClose (internal/child_process.js:850:16)
14 verbose stack     at Process.ChildProcess._handle.onexit (internal/child_process.js:215:5)
15 verbose pkgid diary@1.0.0
16 verbose cwd /Users/IgorBabko/Desktop/diary
17 error Darwin 15.0.0
18 error argv "/usr/local/bin/node" "/usr/local/bin/npm" "run" "gulp"
19 error node v6.1.0
20 error npm  v3.8.6
21 error code ELIFECYCLE
22 error diary@1.0.0 gulp: `gulp`
22 error Exit status 1
23 error Failed at the diary@1.0.0 gulp script 'gulp'.
23 error Make sure you have the latest version of node.js and npm installed.
23 error If you do, this is most likely a problem with the diary package,
23 error not with npm itself.
23 error Tell the author that this fails on your system:
23 error     gulp
23 error You can get information on how to open an issue for this project with:
23 error     npm bugs diary
23 error Or if that isn't available, you can get their info via:
23 error     npm owner ls diary
23 error There is likely additional logging output above.
24 verbose exit [ 1, true ]
